19:59:03.095  1132 DEBUG fr.sparna.rdf.xls2rdf.app.Convert - Will use output format : text/turtle
19:59:03.107  1144 DEBUG fr.sparna.rdf.xls2rdf.app.Convert - Will use ModelWriter : fr.sparna.rdf.xls2rdf.OutputStreamModelWriter
19:59:04.514  2551 DEBUG f.s.rdf.xls2rdf.Xls2RdfConverter - Processing sheet: controlled-termilogy
19:59:04.521  2558 INFO  f.sparna.rdf.xls2rdf.RdfizableSheet - Found proper property in header : http://www.fair-data-collective.com/datasetvoc/
19:59:04.522  2559 INFO  f.sparna.rdf.xls2rdf.RdfizableSheet - Found proper property in header : http://purl.org/pav/
19:59:04.523  2560 INFO  f.sparna.rdf.xls2rdf.RdfizableSheet - Found proper property in header : http://purl.org/dc/terms/
19:59:04.526  2563 INFO  f.sparna.rdf.xls2rdf.RdfizableSheet - Found proper property in header : https://orcid.org/0000-0002-9381-9694
19:59:04.529  2566 INFO  f.sparna.rdf.xls2rdf.RdfizableSheet - Found proper property in header : http://www.fair-data-collective.com/datasetvoc/
19:59:04.533  2570 INFO  f.sparna.rdf.xls2rdf.RdfizableSheet - Found proper property in header : http://www.w3.org/2004/02/skos/core#prefLabel
19:59:04.537  2574 INFO  f.sparna.rdf.xls2rdf.RdfizableSheet - Found proper property in header : http://www.w3.org/2004/02/skos/core#altLabel
19:59:04.537  2574 INFO  f.sparna.rdf.xls2rdf.RdfizableSheet - Found proper property in header : http://www.w3.org/2004/02/skos/core#definition
19:59:04.538  2575 INFO  f.sparna.rdf.xls2rdf.RdfizableSheet - Found proper property in header : http://www.w3.org/2004/02/skos/core#broader
19:59:04.539  2576 INFO  f.sparna.rdf.xls2rdf.RdfizableSheet - Found proper property in header : http://www.w3.org/2004/02/skos/core#exactMatch
19:59:04.540  2577 INFO  f.sparna.rdf.xls2rdf.RdfizableSheet - Found proper property in header : http://purl.org/dc/terms/creator
19:59:04.542  2579 INFO  f.sparna.rdf.xls2rdf.RdfizableSheet - Found proper property in header : http://purl.org/dc/terms/contributor
19:59:04.543  2580 INFO  f.sparna.rdf.xls2rdf.RdfizableSheet - Found proper property in header : http://www.w3.org/2004/02/skos/core#editorialNote
19:59:04.543  2580 INFO  f.sparna.rdf.xls2rdf.RdfizableSheet - Found at least 2 headers with proper property declaration in the first 10 columns, title row is at index 16
19:59:04.544  2581 DEBUG f.s.rdf.xls2rdf.Xls2RdfConverter - Found title row at index 16
19:59:04.547  2584 DEBUG f.s.rdf.xls2rdf.Xls2RdfConverter - Adding value on header object "Controlled Terms for Dataset Generic Metadata Template" with lang en
19:59:04.550  2587 DEBUG f.s.rdf.xls2rdf.Xls2RdfConverter - Adding value on header object "Controlled Terms for Dataset Generic Metadata Template" with lang en
19:59:04.552  2589 DEBUG f.s.rdf.xls2rdf.Xls2RdfConverter - Adding value on header object "Controlled vocabulary of terms used in dataset generic metadata template." with lang en
19:59:04.554  2591 DEBUG f.s.rdf.xls2rdf.Xls2RdfConverter - Adding value on header object "https://orcid.org/0000-0002-9381-9694" with lang en
19:59:04.555  2592 DEBUG f.s.rdf.xls2rdf.Xls2RdfConverter - Adding value on header object "0.1" with lang en
19:59:04.557  2594 DEBUG f.s.rdf.xls2rdf.Xls2RdfConverter - Adding value on header object "2020-10-22T22:00:00+01:00" with lang en
19:59:04.559  2596 DEBUG f.s.rdf.xls2rdf.Xls2RdfConverter - Adding value on header object "2020-10-23T08:00:00+01:00" with lang en
19:59:04.560  2597 DEBUG f.s.rdf.xls2rdf.Xls2RdfConverter - Adding value on header object "http://www.fair-data-collective.com/datasetvoc/" with lang en
19:59:04.564  2601 DEBUG f.s.rdf.xls2rdf.Xls2RdfConverter - Converting data with these column headers: 
19:59:04.564  2601 DEBUG f.s.rdf.xls2rdf.Xls2RdfConverter - ColumnHeader [originalValue=Identifier, language=Optional.empty, datatype=Optional.empty, property=null, declaredProperty=Identifier, inverse=false, parameters={}, id=null, reconcileOn=null, headerCell=Identifier]
19:59:04.567  2604 DEBUG f.s.rdf.xls2rdf.Xls2RdfConverter - ColumnHeader [originalValue=skos:prefLabel@en, language=Optional[en], datatype=Optional.empty, property=http://www.w3.org/2004/02/skos/core#prefLabel, declaredProperty=skos:prefLabel, inverse=false, parameters={}, id=null, reconcileOn=null, headerCell=skos:prefLabel@en]
19:59:04.574  2611 DEBUG f.s.rdf.xls2rdf.Xls2RdfConverter - ColumnHeader [originalValue=skos:altLabel(separator=","), language=Optional.empty, datatype=Optional.empty, property=http://www.w3.org/2004/02/skos/core#altLabel, declaredProperty=skos:altLabel, inverse=false, parameters={separator=,}, id=null, reconcileOn=null, headerCell=skos:altLabel(separator=",")]
19:59:04.574  2611 DEBUG f.s.rdf.xls2rdf.Xls2RdfConverter - ColumnHeader [originalValue=skos:definition@en, language=Optional[en], datatype=Optional.empty, property=http://www.w3.org/2004/02/skos/core#definition, declaredProperty=skos:definition, inverse=false, parameters={}, id=null, reconcileOn=null, headerCell=skos:definition@en]
19:59:04.575  2612 DEBUG f.s.rdf.xls2rdf.Xls2RdfConverter - ColumnHeader [originalValue=skos:broader(separator=","), language=Optional.empty, datatype=Optional.empty, property=http://www.w3.org/2004/02/skos/core#broader, declaredProperty=skos:broader, inverse=false, parameters={separator=,}, id=null, reconcileOn=null, headerCell=skos:broader(separator=",")]
19:59:04.576  2613 DEBUG f.s.rdf.xls2rdf.Xls2RdfConverter - ColumnHeader [originalValue=skos:exactMatch(separator=","), language=Optional.empty, datatype=Optional.empty, property=http://www.w3.org/2004/02/skos/core#exactMatch, declaredProperty=skos:exactMatch, inverse=false, parameters={separator=,}, id=null, reconcileOn=null, headerCell=skos:exactMatch(separator=",")]
19:59:04.576  2613 DEBUG f.s.rdf.xls2rdf.Xls2RdfConverter - ColumnHeader [originalValue=dct:creator(separator=","), language=Optional.empty, datatype=Optional.empty, property=http://purl.org/dc/terms/creator, declaredProperty=dct:creator, inverse=false, parameters={separator=,}, id=null, reconcileOn=null, headerCell=dct:creator(separator=",")]
19:59:04.577  2614 DEBUG f.s.rdf.xls2rdf.Xls2RdfConverter - ColumnHeader [originalValue=dct:contributor(separator=","), language=Optional.empty, datatype=Optional.empty, property=http://purl.org/dc/terms/contributor, declaredProperty=dct:contributor, inverse=false, parameters={separator=,}, id=null, reconcileOn=null, headerCell=dct:contributor(separator=",")]
19:59:04.578  2615 DEBUG f.s.rdf.xls2rdf.Xls2RdfConverter - ColumnHeader [originalValue=skos:editorialNote@en, language=Optional[en], datatype=Optional.empty, property=http://www.w3.org/2004/02/skos/core#editorialNote, declaredProperty=skos:editorialNote, inverse=false, parameters={}, id=null, reconcileOn=null, headerCell=skos:editorialNote@en]
19:59:04.578  2615 INFO  f.s.rdf.xls2rdf.Xls2RdfConverter - Converting rows...
19:59:04.608  2645 INFO  f.s.rdf.xls2rdf.Xls2RdfConverter - Row 1000...
19:59:04.616  2653 INFO  f.s.rdf.xls2rdf.Xls2RdfConverter - Applying SKOS post-processings on the result
19:59:04.617  2654 DEBUG f.s.rdf.xls2rdf.SkosPostProcessor - Postprocessing : SkosPostProcessor
19:59:04.618  2655 DEBUG f.s.rdf.xls2rdf.SkosPostProcessor - Considering main resource like a ConceptScheme.
19:59:04.620  2657 DEBUG f.s.rdf.xls2rdf.SkosPostProcessor - Adding inverse skos:broader and skos:narrower
19:59:04.623  2660 DEBUG f.s.rdf.xls2rdf.SkosPostProcessor - Adding skos:inScheme
19:59:04.625  2662 DEBUG f.s.rdf.xls2rdf.SkosPostProcessor - Setting rdf:type skos:ConceptScheme to main resource
19:59:04.625  2662 DEBUG f.s.rdf.xls2rdf.SkosPostProcessor - Adding skos:hasTopConcept / skos:topConceptOf
19:59:04.627  2664 DEBUG f.s.rdf.xls2rdf.Xls2RdfConverter - Saving graph of 141 statements generated from Sheet controlled-termilogy
