This is the quality report of the file(s) ./ontology/dataset-voc.ttl, generated by qSKOS on Wed, 9 Dec 2020 17:52:22 +0000

* Summary of Quality Issue Occurrences:
Empty Labels: OK (no potential problems found)
Omitted or Invalid Language Tags: OK (no potential problems found)
Incomplete Language Coverage: OK (no potential problems found)
Undocumented Concepts: FAIL (19)
No Common Languages: OK (no potential problems found)
Missing Labels: OK (no potential problems found)
Overlapping Labels: OK (no potential problems found)
Orphan Concepts: OK (no potential problems found)
Disconnected Concept Clusters: FAIL (5)
Cyclic Hierarchical Relations: OK (no potential problems found)
Valueless Associative Relations: OK (no potential problems found)
Solely Transitively Related Concepts: OK (no potential problems found)
Omitted Top Concepts: OK (no potential problems found)
Top Concepts Having Broader Concepts: OK (no potential problems found)
Hierarchical Redundancy: OK (no potential problems found)
Mapping Relations Misuse: OK (no potential problems found)
Reflexively Related Concepts: OK (no potential problems found)
Ambiguous Notation References: OK (no potential problems found)
Unprintable Characters in Labels: OK (no potential problems found)
Missing Out-Links: OK (no potential problems found)
Undefined SKOS Resources: OK (no potential problems found)
Unidirectionally Related Concepts: OK (no potential problems found)
HTTP IRI Scheme Violation: OK (no potential problems found)
Relation Clashes: OK (no potential problems found)
Mapping Clashes: OK (no potential problems found)
Inconsistent Preferred Labels: OK (no potential problems found)
Disjoint Labels Violation: OK (no potential problems found)

* Detailed coverage of each Quality Issue:

--- Empty Labels
Description: Finds empty labels or labels containing only whitespaces
count: 0



--- Omitted or Invalid Language Tags
Description: Finds omitted or invalid language tags of text literals
Detailed information: https://github.com/cmader/qSKOS/wiki/Quality-Issues#omitted-or-invalid-language-tags
count: 0


--- Incomplete Language Coverage
Description: Finds concepts lacking description in languages that are present for other concepts
Detailed information: https://github.com/cmader/qSKOS/wiki/Quality-Issues#incomplete-language-coverage
count: 0


--- Undocumented Concepts
Description: Finds concepts that don't use any SKOS documentation properties
Detailed information: https://github.com/cmader/qSKOS/wiki/Quality-Issues#undocumented-concepts
count: 19
http://vocab.fairdatacollective.org/gdmt/MooringLines
http://vocab.fairdatacollective.org/gdmt/ArrayCables
http://vocab.fairdatacollective.org/gdmt/Infrastructures
http://vocab.fairdatacollective.org/gdmt/ProjectFinance
http://vocab.fairdatacollective.org/gdmt/Performance
http://vocab.fairdatacollective.org/gdmt/MarketModels
http://vocab.fairdatacollective.org/gdmt/Substructure
http://vocab.fairdatacollective.org/gdmt/SpatialPlanning
http://vocab.fairdatacollective.org/gdmt/LegalAspects
http://vocab.fairdatacollective.org/gdmt/NatureImpacts
http://vocab.fairdatacollective.org/gdmt/ReCertification
http://vocab.fairdatacollective.org/gdmt/HealthSafety
http://vocab.fairdatacollective.org/gdmt/SocialAcceptance
http://vocab.fairdatacollective.org/gdmt/MainShaft
http://vocab.fairdatacollective.org/gdmt/BlackBox
http://vocab.fairdatacollective.org/gdmt/Recycling
http://vocab.fairdatacollective.org/gdmt/Economics
http://vocab.fairdatacollective.org/gdmt/SupportSchemes
http://vocab.fairdatacollective.org/gdmt/Floating

--- No Common Languages
Description: Checks for common languages in all concept literals
At least one common language for text literals of all concepts has been found
Common language(s) for all concepts: [en]

--- Missing Labels
Description: Finds concepts and conceptschemes with missing labels
Detailed information: https://github.com/cmader/qSKOS/wiki/Quality-Issues#missing-labels
count: 0


--- Overlapping Labels
Description: Finds concepts with similar (identical) labels
Detailed information: https://github.com/cmader/qSKOS/wiki/Quality-Issues#overlapping-labels
count: 0


--- Orphan Concepts
Description: Finds all orphan concepts, i.e. those not having semantic relationships to other concepts
Detailed information: https://github.com/cmader/qSKOS/wiki/Quality-Issues#orphan-concepts
count: 0


--- Disconnected Concept Clusters
Description: Finds sets of concepts that are isolated from the rest of the vocabulary
Detailed information: https://github.com/cmader/qSKOS/wiki/Quality-Issues#disconnected-concept-clusters
count: 5
Cluster 1, size: 26
Cluster 2, size: 11
Cluster 3, size: 6
Cluster 4, size: 12
Cluster 5, size: 14
Cluster 1, size: 26
	http://vocab.fairdatacollective.org/gdmt/Rotor
	http://vocab.fairdatacollective.org/gdmt/MooringLines
	http://vocab.fairdatacollective.org/gdmt/HorizontalAxis
	http://vocab.fairdatacollective.org/gdmt/Generator
	http://vocab.fairdatacollective.org/gdmt/Hub
	http://vocab.fairdatacollective.org/gdmt/MonoMultiRotor
	http://vocab.fairdatacollective.org/gdmt/Cooling
	http://vocab.fairdatacollective.org/gdmt/SupportStructure
	http://vocab.fairdatacollective.org/gdmt/Tower
	http://vocab.fairdatacollective.org/gdmt/Nacelle
	http://vocab.fairdatacollective.org/gdmt/Lattice
	http://vocab.fairdatacollective.org/gdmt/TurbineControl
	http://vocab.fairdatacollective.org/gdmt/Foundation
	http://vocab.fairdatacollective.org/gdmt/PowerElectronics
	http://vocab.fairdatacollective.org/gdmt/MainShaft
	http://vocab.fairdatacollective.org/gdmt/WindTurbine
	http://vocab.fairdatacollective.org/gdmt/Blades
	http://vocab.fairdatacollective.org/gdmt/Aerial
	http://vocab.fairdatacollective.org/gdmt/Controls
	http://vocab.fairdatacollective.org/gdmt/BlackBox
	http://vocab.fairdatacollective.org/gdmt/VerticalAxis
	http://vocab.fairdatacollective.org/gdmt/Gearbox
	http://vocab.fairdatacollective.org/gdmt/Floating
	http://vocab.fairdatacollective.org/gdmt/ConceptDesign
	http://vocab.fairdatacollective.org/gdmt/Substructure
	http://vocab.fairdatacollective.org/gdmt/Tubular
Cluster 2, size: 11
	http://vocab.fairdatacollective.org/gdmt/GridConnection
	http://vocab.fairdatacollective.org/gdmt/Performance
	http://vocab.fairdatacollective.org/gdmt/ArrayCables
	http://vocab.fairdatacollective.org/gdmt/WindFarm
	http://vocab.fairdatacollective.org/gdmt/Substation
	http://vocab.fairdatacollective.org/gdmt/TransmissionSystem
	http://vocab.fairdatacollective.org/gdmt/AncillaryServices
	http://vocab.fairdatacollective.org/gdmt/Wakes
	http://vocab.fairdatacollective.org/gdmt/Loads
	http://vocab.fairdatacollective.org/gdmt/WindPowerPlant
	http://vocab.fairdatacollective.org/gdmt/WindFarmControl
Cluster 3, size: 6
	http://vocab.fairdatacollective.org/gdmt/BusinessModels
	http://vocab.fairdatacollective.org/gdmt/LevelizedCostofEnergyModels
	http://vocab.fairdatacollective.org/gdmt/Economics
	http://vocab.fairdatacollective.org/gdmt/SupportSchemes
	http://vocab.fairdatacollective.org/gdmt/MarketModels
	http://vocab.fairdatacollective.org/gdmt/ProjectFinance
Cluster 4, size: 12
	http://vocab.fairdatacollective.org/gdmt/Repowering
	http://vocab.fairdatacollective.org/gdmt/Commissioning
	http://vocab.fairdatacollective.org/gdmt/Recycling
	http://vocab.fairdatacollective.org/gdmt/Revamping
	http://vocab.fairdatacollective.org/gdmt/EndofLifeExtension
	http://vocab.fairdatacollective.org/gdmt/Decommissioning
	http://vocab.fairdatacollective.org/gdmt/Installation
	http://vocab.fairdatacollective.org/gdmt/MaintenanceScheduling
	http://vocab.fairdatacollective.org/gdmt/OperationMaintenance
	http://vocab.fairdatacollective.org/gdmt/ReCertification
	http://vocab.fairdatacollective.org/gdmt/Forecasting
	http://vocab.fairdatacollective.org/gdmt/HealthSafety
Cluster 5, size: 14
	http://vocab.fairdatacollective.org/gdmt/LongTermExtrapolation
	http://vocab.fairdatacollective.org/gdmt/SocialAcceptance
	http://vocab.fairdatacollective.org/gdmt/Turbulence
	http://vocab.fairdatacollective.org/gdmt/SpatialPlanning
	http://vocab.fairdatacollective.org/gdmt/WindAtlas
	http://vocab.fairdatacollective.org/gdmt/WindMapping
	http://vocab.fairdatacollective.org/gdmt/LegalAspects
	http://vocab.fairdatacollective.org/gdmt/Infrastructures
	http://vocab.fairdatacollective.org/gdmt/DesignConditions
	http://vocab.fairdatacollective.org/gdmt/ResourceAssessment
	http://vocab.fairdatacollective.org/gdmt/Siting
	http://vocab.fairdatacollective.org/gdmt/NoisePerception
	http://vocab.fairdatacollective.org/gdmt/EnviromentalImpact
	http://vocab.fairdatacollective.org/gdmt/NatureImpacts

--- Cyclic Hierarchical Relations
Description: Finds concepts that are hierarchically related to each other
Detailed information: https://github.com/cmader/qSKOS/wiki/Quality-Issues#cyclic-hierarchical-relations
count: 0



--- Valueless Associative Relations
Description: Finds sibling concept pairs that are also connected by an associative relation
Detailed information: https://github.com/cmader/qSKOS/wiki/Quality-Issues#valueless-associative-relations
count: 0


--- Solely Transitively Related Concepts
Description: Concepts only related by skos:broaderTransitive or skos:narrowerTransitive
Detailed information: https://github.com/cmader/qSKOS/wiki/Quality-Issues#solely-transitively-related-concepts
count: 0


--- Omitted Top Concepts
Description: Finds skos:ConceptSchemes that don't have top concepts defined
Detailed information: https://github.com/cmader/qSKOS/wiki/Quality-Issues#omitted-top-concepts
count: 0


--- Top Concepts Having Broader Concepts
Description: Finds top concepts internal to the vocabulary hierarchy tree
Detailed information: https://github.com/cmader/qSKOS/wiki/Quality-Issues#top-concepts-having-broader-concepts
count: 0


--- Hierarchical Redundancy
Description: Finds broader/narrower relations over multiple hierarchy levels
Detailed information: https://github.com/cmader/qSKOS/wiki/Quality-Issues#hierarchical-redundancy
count: 0


--- Mapping Relations Misuse
Description: Finds concepts within the same concept scheme that are related by a mapping relation
Detailed information: https://github.com/cmader/qSKOS/wiki/Quality-Issues#mapping-relations-misuse
count: 0


--- Reflexively Related Concepts
Description: Finds concepts that are related to themselves
Detailed information: https://github.com/cmader/qSKOS/wiki/Quality-Issues#wiki-Reflexive_Relations
count: 0


--- Ambiguous Notation References
Description: Finds concepts with multiple or identical notations within the same concept scheme
Detailed information: https://github.com/cmader/qSKOS/wiki/Quality-Issues#Ambiguous_Notation_References
count: 0


--- Unprintable Characters in Labels
Description: Finds concepts having labels that contain unprintable characters
Detailed information: https://github.com/cmader/qSKOS/wiki/Quality-Issues#unprintable-characters-in-labels
count: 0


--- Missing Out-Links
Description: Finds concepts that are not linked to other vocabularies on the Web
Detailed information: https://github.com/cmader/qSKOS/wiki/Quality-Issues#missing-out-links
count: 0


--- Undefined SKOS Resources
Description: Finds 'invented' new terms within the SKOS namespace or deprecated properties
Detailed information: https://github.com/cmader/qSKOS/wiki/Quality-Issues#undefined-skos-resources
count: 0


--- Unidirectionally Related Concepts
Description: Concepts not including reciprocal relations
Detailed information: https://github.com/cmader/qSKOS/wiki/Quality-Issues#unidirectionally-related-concepts
count: 0


--- HTTP IRI Scheme Violation
Description: Finds triple subjects that are no HTTP IRIs
Detailed information: https://github.com/cmader/qSKOS/wiki/Quality-Issues#http-uri-scheme-violation
count: 0


--- Relation Clashes
Description: Covers condition S27 from the SKOS reference document (Associative vs. Hierarchical Relation Clashes)
Detailed information: https://github.com/cmader/qSKOS/wiki/Quality-Issues#relation-clashes
count: 0


--- Mapping Clashes
Description: Covers condition S46 from the SKOS reference document (Exact vs. Associative and Hierarchical Mapping Clashes)
Detailed information: https://github.com/cmader/qSKOS/wiki/Quality-Issues#mapping-clashes
count: 0


--- Inconsistent Preferred Labels
Description: Finds resources with more then one prefLabel per language
Detailed information: https://github.com/cmader/qSKOS/wiki/Quality-Issues#inconsistent-preferred-labels
count: 0



--- Disjoint Labels Violation
Description: Finds resources with identical entries for different label types
Detailed information: https://github.com/cmader/qSKOS/wiki/Quality-Issues#disjoint-labels-violation
count: 0


