20:07:55.557  1513 DEBUG fr.sparna.rdf.xls2rdf.app.Convert - Will use output format : text/turtle
20:07:55.561  1517 DEBUG fr.sparna.rdf.xls2rdf.app.Convert - Will use ModelWriter : fr.sparna.rdf.xls2rdf.OutputStreamModelWriter
20:07:57.449  3405 DEBUG f.s.rdf.xls2rdf.Xls2RdfConverter - Processing sheet: controlled-termilogy
20:07:57.454  3410 INFO  f.sparna.rdf.xls2rdf.RdfizableSheet - Found proper property in header : http://www.fair-data-collective.com/datasetvoc/
20:07:57.456  3412 INFO  f.sparna.rdf.xls2rdf.RdfizableSheet - Found proper property in header : http://purl.org/pav/
20:07:57.457  3413 INFO  f.sparna.rdf.xls2rdf.RdfizableSheet - Found proper property in header : http://purl.org/dc/terms/
20:07:57.463  3419 INFO  f.sparna.rdf.xls2rdf.RdfizableSheet - Found proper property in header : https://orcid.org/0000-0002-9381-9694
20:07:57.479  3435 INFO  f.sparna.rdf.xls2rdf.RdfizableSheet - Found proper property in header : http://www.w3.org/2004/02/skos/core#prefLabel
20:07:57.483  3439 INFO  f.sparna.rdf.xls2rdf.RdfizableSheet - Found proper property in header : http://www.w3.org/2004/02/skos/core#altLabel
20:07:57.483  3439 INFO  f.sparna.rdf.xls2rdf.RdfizableSheet - Found proper property in header : http://www.w3.org/2004/02/skos/core#definition
20:07:57.484  3440 INFO  f.sparna.rdf.xls2rdf.RdfizableSheet - Found proper property in header : http://www.w3.org/2004/02/skos/core#broader
20:07:57.485  3441 INFO  f.sparna.rdf.xls2rdf.RdfizableSheet - Found proper property in header : http://www.w3.org/2004/02/skos/core#exactMatch
20:07:57.486  3442 INFO  f.sparna.rdf.xls2rdf.RdfizableSheet - Found proper property in header : http://purl.org/dc/terms/creator
20:07:57.486  3442 INFO  f.sparna.rdf.xls2rdf.RdfizableSheet - Found proper property in header : http://purl.org/dc/terms/contributor
20:07:57.488  3444 INFO  f.sparna.rdf.xls2rdf.RdfizableSheet - Found proper property in header : http://www.w3.org/2004/02/skos/core#editorialNote
20:07:57.489  3445 INFO  f.sparna.rdf.xls2rdf.RdfizableSheet - Found at least 2 headers with proper property declaration in the first 10 columns, title row is at index 15
20:07:57.490  3446 DEBUG f.s.rdf.xls2rdf.Xls2RdfConverter - Found title row at index 15
20:07:57.495  3451 DEBUG f.s.rdf.xls2rdf.Xls2RdfConverter - Adding value on header object "Controlled Terms for Dataset Generic Metadata Template" with lang en
20:07:57.498  3454 DEBUG f.s.rdf.xls2rdf.Xls2RdfConverter - Adding value on header object "Controlled Terms for Dataset Generic Metadata Template" with lang en
20:07:57.499  3455 DEBUG f.s.rdf.xls2rdf.Xls2RdfConverter - Adding value on header object "Controlled vocabulary of terms used in dataset generic metadata template." with lang en
20:07:57.501  3457 DEBUG f.s.rdf.xls2rdf.Xls2RdfConverter - Adding value on header object "https://orcid.org/0000-0002-9381-9694" with lang en
20:07:57.502  3458 DEBUG f.s.rdf.xls2rdf.Xls2RdfConverter - Adding value on header object "0.1" with lang en
20:07:57.502  3458 DEBUG f.s.rdf.xls2rdf.Xls2RdfConverter - Adding value on header object "2020-10-22T22:00:00+01:00" with lang en
20:07:57.503  3459 DEBUG f.s.rdf.xls2rdf.Xls2RdfConverter - Adding value on header object "2020-10-23T08:00:00+01:00" with lang en
20:07:57.504  3460 DEBUG f.s.rdf.xls2rdf.Xls2RdfConverter - Converting data with these column headers: 
20:07:57.505  3461 DEBUG f.s.rdf.xls2rdf.Xls2RdfConverter - ColumnHeader [originalValue=Identifier, language=Optional.empty, datatype=Optional.empty, property=null, declaredProperty=Identifier, inverse=false, parameters={}, id=null, reconcileOn=null, headerCell=Identifier]
20:07:57.511  3467 DEBUG f.s.rdf.xls2rdf.Xls2RdfConverter - ColumnHeader [originalValue=skos:prefLabel@en, language=Optional[en], datatype=Optional.empty, property=http://www.w3.org/2004/02/skos/core#prefLabel, declaredProperty=skos:prefLabel, inverse=false, parameters={}, id=null, reconcileOn=null, headerCell=skos:prefLabel@en]
20:07:57.511  3467 DEBUG f.s.rdf.xls2rdf.Xls2RdfConverter - ColumnHeader [originalValue=skos:altLabel(separator=","), language=Optional.empty, datatype=Optional.empty, property=http://www.w3.org/2004/02/skos/core#altLabel, declaredProperty=skos:altLabel, inverse=false, parameters={separator=,}, id=null, reconcileOn=null, headerCell=skos:altLabel(separator=",")]
20:07:57.511  3467 DEBUG f.s.rdf.xls2rdf.Xls2RdfConverter - ColumnHeader [originalValue=skos:definition@en, language=Optional[en], datatype=Optional.empty, property=http://www.w3.org/2004/02/skos/core#definition, declaredProperty=skos:definition, inverse=false, parameters={}, id=null, reconcileOn=null, headerCell=skos:definition@en]
20:07:57.511  3467 DEBUG f.s.rdf.xls2rdf.Xls2RdfConverter - ColumnHeader [originalValue=skos:broader(separator=","), language=Optional.empty, datatype=Optional.empty, property=http://www.w3.org/2004/02/skos/core#broader, declaredProperty=skos:broader, inverse=false, parameters={separator=,}, id=null, reconcileOn=null, headerCell=skos:broader(separator=",")]
20:07:57.511  3467 DEBUG f.s.rdf.xls2rdf.Xls2RdfConverter - ColumnHeader [originalValue=skos:exactMatch(separator=","), language=Optional.empty, datatype=Optional.empty, property=http://www.w3.org/2004/02/skos/core#exactMatch, declaredProperty=skos:exactMatch, inverse=false, parameters={separator=,}, id=null, reconcileOn=null, headerCell=skos:exactMatch(separator=",")]
20:07:57.511  3467 DEBUG f.s.rdf.xls2rdf.Xls2RdfConverter - ColumnHeader [originalValue=dct:creator(separator=","), language=Optional.empty, datatype=Optional.empty, property=http://purl.org/dc/terms/creator, declaredProperty=dct:creator, inverse=false, parameters={separator=,}, id=null, reconcileOn=null, headerCell=dct:creator(separator=",")]
20:07:57.512  3468 DEBUG f.s.rdf.xls2rdf.Xls2RdfConverter - ColumnHeader [originalValue=dct:contributor(separator=","), language=Optional.empty, datatype=Optional.empty, property=http://purl.org/dc/terms/contributor, declaredProperty=dct:contributor, inverse=false, parameters={separator=,}, id=null, reconcileOn=null, headerCell=dct:contributor(separator=",")]
20:07:57.512  3468 DEBUG f.s.rdf.xls2rdf.Xls2RdfConverter - ColumnHeader [originalValue=skos:editorialNote@en, language=Optional[en], datatype=Optional.empty, property=http://www.w3.org/2004/02/skos/core#editorialNote, declaredProperty=skos:editorialNote, inverse=false, parameters={}, id=null, reconcileOn=null, headerCell=skos:editorialNote@en]
20:07:57.512  3468 INFO  f.s.rdf.xls2rdf.Xls2RdfConverter - Converting rows...
20:07:57.543  3499 INFO  f.s.rdf.xls2rdf.Xls2RdfConverter - Applying SKOS post-processings on the result
20:07:57.543  3499 DEBUG f.s.rdf.xls2rdf.SkosPostProcessor - Postprocessing : SkosPostProcessor
20:07:57.544  3500 DEBUG f.s.rdf.xls2rdf.SkosPostProcessor - Considering main resource like a ConceptScheme.
20:07:57.552  3508 DEBUG f.s.rdf.xls2rdf.SkosPostProcessor - Adding inverse skos:broader and skos:narrower
20:07:57.556  3512 DEBUG f.s.rdf.xls2rdf.SkosPostProcessor - Adding skos:inScheme
20:07:57.558  3514 DEBUG f.s.rdf.xls2rdf.SkosPostProcessor - Setting rdf:type skos:ConceptScheme to main resource
20:07:57.559  3515 DEBUG f.s.rdf.xls2rdf.SkosPostProcessor - Adding skos:hasTopConcept / skos:topConceptOf
20:07:57.560  3516 DEBUG f.s.rdf.xls2rdf.Xls2RdfConverter - Saving graph of 140 statements generated from Sheet controlled-termilogy
